0 info it worked if it ends with ok
1 verbose cli [ 'node', '/usr/local/bin/npm', 'install', 'mraa', '--save' ]
2 info using npm@2.7.4
3 info using node@v0.12.2
4 warn package.json LocalTemperature@0.0.0 No repository field.
5 silly cache add args [ 'mraa', null ]
6 verbose cache add spec mraa
7 silly cache add parsed spec { raw: 'mraa',
7 silly cache add   scope: null,
7 silly cache add   name: 'mraa',
7 silly cache add   rawSpec: '',
7 silly cache add   spec: '*',
7 silly cache add   type: 'range' }
8 verbose addNamed mraa@*
9 silly addNamed semver.valid null
10 silly addNamed semver.validRange *
11 silly addNameRange { name: 'mraa', range: '*', hasData: false }
12 silly mapToRegistry name mraa
13 silly mapToRegistry using default registry
14 silly mapToRegistry registry https://registry.npmjs.org/
15 silly mapToRegistry uri https://registry.npmjs.org/mraa
16 verbose addNameRange registry:https://registry.npmjs.org/mraa not in flight; fetching
17 verbose request uri https://registry.npmjs.org/mraa
18 verbose request no auth needed
19 info attempt registry request try #1 at 4:59:50 PM
20 verbose request id bdf94f3b01ae763c
21 http request GET https://registry.npmjs.org/mraa
22 http 200 https://registry.npmjs.org/mraa
23 silly get cb [ 200,
23 silly get   { server: 'CouchDB/1.5.0 (Erlang OTP/R16B03)',
23 silly get     etag: '"5LLQD2FT79WBA0ZOFD95RARRW"',
23 silly get     'content-type': 'application/json',
23 silly get     'cache-control': 'max-age=60',
23 silly get     'content-length': '139254',
23 silly get     'accept-ranges': 'bytes',
23 silly get     date: 'Wed, 29 Jul 2015 23:59:50 GMT',
23 silly get     via: '1.1 varnish',
23 silly get     age: '0',
23 silly get     connection: 'keep-alive',
23 silly get     'x-served-by': 'cache-lax1434-LAX',
23 silly get     'x-cache': 'MISS',
23 silly get     'x-cache-hits': '0',
23 silly get     'x-timer': 'S1438214389.903993,VS0,VE185',
23 silly get     vary: 'Accept' } ]
24 verbose get saving mraa to /Users/allendolph/.npm/registry.npmjs.org/mraa/.cache.json
25 silly addNameRange number 2 { name: 'mraa', range: '*', hasData: true }
26 silly addNameRange versions [ 'mraa',
26 silly addNameRange   [ '0.5.2-46-gd4552fd',
26 silly addNameRange     '0.5.2-47-ga38c07f',
26 silly addNameRange     '0.5.2-48-g0ca4b10',
26 silly addNameRange     '0.5.2-49-gabd538d',
26 silly addNameRange     '0.5.2-50-g8be861a',
26 silly addNameRange     '0.5.2-51-g276b0a8',
26 silly addNameRange     '0.5.2-62-g0289c63',
26 silly addNameRange     '0.5.2-63-gd1185ef',
26 silly addNameRange     '0.5.3',
26 silly addNameRange     '0.5.3-2-g9684915',
26 silly addNameRange     '0.5.3-3-g36e24ba',
26 silly addNameRange     '0.5.3-4-g14f4567',
26 silly addNameRange     '0.5.3-5-g1b059c1',
26 silly addNameRange     '0.5.3-6-g7ad78d0',
26 silly addNameRange     '0.5.3-7-gacc3476',
26 silly addNameRange     '0.5.4',
26 silly addNameRange     '0.5.4-2-g8aa2ccc',
26 silly addNameRange     '0.5.4-1-ged1fc6c',
26 silly addNameRange     '0.5.4-2-gffdd828',
26 silly addNameRange     '0.5.4-5-g1ee0548',
26 silly addNameRange     '0.5.4-6-gcf1a864',
26 silly addNameRange     '0.5.4-14-gaff8811',
26 silly addNameRange     '0.5.4-20-g82eee9b',
26 silly addNameRange     '0.5.4-21-g71913b9',
26 silly addNameRange     '0.5.4-22-gbd16ecc',
26 silly addNameRange     '0.5.4-24-g2c5e749',
26 silly addNameRange     '0.5.4-25-g0c086d8',
26 silly addNameRange     '0.5.4-26-gda15fdb',
26 silly addNameRange     '0.5.4-27-g643bb99',
26 silly addNameRange     '0.5.4-28-g4944f42',
26 silly addNameRange     '0.5.4-29-gf277e7d',
26 silly addNameRange     '0.5.4-30-gf6a05b1',
26 silly addNameRange     '0.5.4-31-gf7256f1',
26 silly addNameRange     '0.5.4-32-g71118af',
26 silly addNameRange     '0.5.4-34-g4d8b82e',
26 silly addNameRange     '0.5.4-36-ge5835fa',
26 silly addNameRange     '0.5.4-37-g3c4742c',
26 silly addNameRange     '0.5.4-38-gd58adef',
26 silly addNameRange     '0.5.4-41-g2574efd',
26 silly addNameRange     '0.5.4-42-ge7649db',
26 silly addNameRange     '0.5.4-45-gbc05ce7',
26 silly addNameRange     '0.5.4-46-g74d172c',
26 silly addNameRange     '0.5.4-63-gec5c09f',
26 silly addNameRange     '0.5.4-64-g3efb7a0',
26 silly addNameRange     '0.5.4-65-ga76061a',
26 silly addNameRange     '0.5.4-66-g44d6ebf',
26 silly addNameRange     '0.5.4-66-g62c3264',
26 silly addNameRange     '0.5.4-71-g17ee0c9',
26 silly addNameRange     '0.5.4-76-g5af1197',
26 silly addNameRange     '0.5.4-78-g21962f4',
26 silly addNameRange     '0.5.4-79-gc3e43e5',
26 silly addNameRange     '0.5.4-80-g50ca84b',
26 silly addNameRange     '0.5.4-81-g5daad72',
26 silly addNameRange     '0.5.4-82-g66eb476',
26 silly addNameRange     '0.5.4-83-g20d2291',
26 silly addNameRange     '0.5.4-84-ged4c68e',
26 silly addNameRange     '0.5.4-85-g9cfbc87',
26 silly addNameRange     '0.5.4-86-g97d5a3e',
26 silly addNameRange     '0.5.4-88-g4e59917',
26 silly addNameRange     '0.5.4-89-gc3980c2',
26 silly addNameRange     '0.5.4-90-ge23325d',
26 silly addNameRange     '0.5.4-91-g456646c',
26 silly addNameRange     '0.5.4-92-g067487f',
26 silly addNameRange     '0.5.4-94-ge8bc227',
26 silly addNameRange     '0.5.4-95-gfb54307',
26 silly addNameRange     '0.5.4-96-g94dd44a',
26 silly addNameRange     '0.5.4-97-g212be29',
26 silly addNameRange     '0.5.4-98-gd88da13',
26 silly addNameRange     '0.5.4-100-g6c73a8a',
26 silly addNameRange     '0.5.4-101-g82bb1c5',
26 silly addNameRange     '0.5.4-102-ge68546a',
26 silly addNameRange     '0.5.4-103-g4d81fec',
26 silly addNameRange     '0.5.4-104-g019b0a5',
26 silly addNameRange     '0.5.4-105-gbaa1a0a',
26 silly addNameRange     '0.5.4-106-gdbc64fb',
26 silly addNameRange     '0.5.4-107-gcd6701d',
26 silly addNameRange     '0.5.4-108-ge7c3c17',
26 silly addNameRange     '0.5.4-109-g8ccefe9',
26 silly addNameRange     '0.5.4-110-g459ecc0',
26 silly addNameRange     '0.5.4-112-g2dc79dd',
26 silly addNameRange     '0.5.4-115-g403424e',
26 silly addNameRange     '0.5.4-118-g818e1a8',
26 silly addNameRange     '0.5.4-121-g2965665',
26 silly addNameRange     '0.5.4-126-g989566b',
26 silly addNameRange     '0.5.4-127-gcd36880',
26 silly addNameRange     '0.5.4-134-gd6891e8',
26 silly addNameRange     '0.5.4-135-gdd80730',
26 silly addNameRange     '0.5.4-137-g9d80b12',
26 silly addNameRange     '0.5.4-138-g163a40e',
26 silly addNameRange     '0.5.4-139-gefdbf4b',
26 silly addNameRange     '0.5.4-140-g797b137',
26 silly addNameRange     '0.5.4-141-ga2220e3',
26 silly addNameRange     '0.6.1',
26 silly addNameRange     '0.6.1-2-ga747c80',
26 silly addNameRange     '0.6.1-5-g3b3b940',
26 silly addNameRange     '0.6.1-6-g10f450b',
26 silly addNameRange     '0.6.1-7-g76ffa35',
26 silly addNameRange     '0.6.1-8-g2c74ba7',
26 silly addNameRange     '0.6.1-9-g677af12',
26 silly addNameRange     '0.6.1-10-gf33880c',
26 silly addNameRange     '0.6.1-11-g7375146',
26 silly addNameRange     '0.6.1-12-gf854a2b',
26 silly addNameRange     '0.6.1-14-g0dd0395',
26 silly addNameRange     '0.6.1-15-g228b7b6',
26 silly addNameRange     '0.6.1-16-gc621fad',
26 silly addNameRange     '0.6.1-17-g805d22f',
26 silly addNameRange     '0.6.1-18-g62213fa',
26 silly addNameRange     '0.6.1-21-g8b0b9f1',
26 silly addNameRange     '0.6.1-22-ge03eec3',
26 silly addNameRange     '0.6.1-31-g2174ee1',
26 silly addNameRange     '0.6.1-32-gffcf3d7',
26 silly addNameRange     '0.6.1-33-g2388fb9',
26 silly addNameRange     '0.6.1-34-g52c5376',
26 silly addNameRange     '0.6.1-36-gbe4312e',
26 silly addNameRange     '0.6.2',
26 silly addNameRange     '0.7.0',
26 silly addNameRange     '0.7.1',
26 silly addNameRange     '0.7.2',
26 silly addNameRange     '0.7.3' ] ]
27 verbose addNamed mraa@0.7.3
28 silly addNamed semver.valid 0.7.3
29 silly addNamed semver.validRange 0.7.3
30 silly mapToRegistry name mraa
31 silly mapToRegistry using default registry
32 silly mapToRegistry registry https://registry.npmjs.org/
33 silly mapToRegistry uri https://registry.npmjs.org/mraa
34 verbose addRemoteTarball https://registry.npmjs.org/mraa/-/mraa-0.7.3.tgz not in flight; adding
35 verbose addRemoteTarball [ 'https://registry.npmjs.org/mraa/-/mraa-0.7.3.tgz',
35 verbose addRemoteTarball   'bab9e8f6300f59bb5dd74e47d32b10f8686c9095' ]
36 info retry fetch attempt 1 at 4:59:51 PM
37 info attempt registry request try #1 at 4:59:51 PM
38 http fetch GET https://registry.npmjs.org/mraa/-/mraa-0.7.3.tgz
39 http fetch 200 https://registry.npmjs.org/mraa/-/mraa-0.7.3.tgz
40 silly fetchAndShaCheck shasum bab9e8f6300f59bb5dd74e47d32b10f8686c9095
41 verbose addTmpTarball /var/folders/r2/wcz5hsjd3ql9bm604c0160lc0000gp/T/npm-10605-8a7fa1f6/registry.npmjs.org/mraa/-/mraa-0.7.3.tgz not in flight; adding
42 verbose addTmpTarball already have metadata; skipping unpack for mraa@0.7.3
43 silly cache afterAdd mraa@0.7.3
44 verbose afterAdd /Users/allendolph/.npm/mraa/0.7.3/package/package.json not in flight; writing
45 verbose afterAdd /Users/allendolph/.npm/mraa/0.7.3/package/package.json written
46 silly install resolved [ { name: 'mraa',
46 silly install resolved     description: 'IO library that helps you use I2c, SPI, gpio, uart, pwm, analog inputs (aio) and more on a number of platforms such as the Intel galileo, the Intel edison and others',
46 silly install resolved     keywords:
46 silly install resolved      [ 'gpio',
46 silly install resolved        'edison',
46 silly install resolved        'galileo',
46 silly install resolved        'io',
46 silly install resolved        'mraajs',
46 silly install resolved        'spi',
46 silly install resolved        'i2c',
46 silly install resolved        'minnow',
46 silly install resolved        'intel' ],
46 silly install resolved     homepage: 'http://github.com/intel-iot-devkit/mraa',
46 silly install resolved     main: './build/Release/mraa.node',
46 silly install resolved     engines: { node: '>= 0.10.x' },
46 silly install resolved     bugs: { url: 'http://github.com/intel-iot-devkit/mraa/issues' },
46 silly install resolved     license: 'MIT',
46 silly install resolved     version: '0.7.3',
46 silly install resolved     authors: 'See github.com/intel-iot-devkit/mraa/graphs/contributors',
46 silly install resolved     scripts: { install: 'node-gyp rebuild' },
46 silly install resolved     gypfile: true,
46 silly install resolved     _id: 'mraa@0.7.3',
46 silly install resolved     _shasum: 'bab9e8f6300f59bb5dd74e47d32b10f8686c9095',
46 silly install resolved     _resolved: 'https://registry.npmjs.org/mraa/-/mraa-0.7.3.tgz',
46 silly install resolved     _from: 'mraa@*',
46 silly install resolved     _npmVersion: '2.10.1',
46 silly install resolved     _nodeVersion: '0.12.4',
46 silly install resolved     _npmUser: { name: 'arfoll', email: 'brendan.le.foll@intel.com' },
46 silly install resolved     maintainers: [ [Object] ],
46 silly install resolved     dist:
46 silly install resolved      { shasum: 'bab9e8f6300f59bb5dd74e47d32b10f8686c9095',
46 silly install resolved        tarball: 'http://registry.npmjs.org/mraa/-/mraa-0.7.3.tgz' },
46 silly install resolved     directories: {} } ]
47 info install mraa@0.7.3 into /Users/allendolph/dev/github/allen-dolph/iotapp-local-temperature
48 info installOne mraa@0.7.3
49 verbose installOne of mraa to /Users/allendolph/dev/github/allen-dolph/iotapp-local-temperature not in flight; installing
50 verbose lock using /Users/allendolph/.npm/_locks/mraa-8469b046296480e0.lock for /Users/allendolph/dev/github/allen-dolph/iotapp-local-temperature/node_modules/mraa
51 silly install write writing mraa 0.7.3 to /Users/allendolph/dev/github/allen-dolph/iotapp-local-temperature/node_modules/mraa
52 silly cache addNamed cb mraa@0.7.3
53 verbose unbuild node_modules/mraa
54 silly gentlyRm /Users/allendolph/dev/github/allen-dolph/iotapp-local-temperature/node_modules/mraa is being purged from base /Users/allendolph/dev/github/allen-dolph/iotapp-local-temperature
55 verbose gentlyRm don't care about contents; nuking /Users/allendolph/dev/github/allen-dolph/iotapp-local-temperature/node_modules/mraa
56 verbose tar unpack /Users/allendolph/.npm/mraa/0.7.3/package.tgz
57 verbose tar unpacking to /Users/allendolph/dev/github/allen-dolph/iotapp-local-temperature/node_modules/mraa
58 silly gentlyRm /Users/allendolph/dev/github/allen-dolph/iotapp-local-temperature/node_modules/mraa is being purged
59 verbose gentlyRm don't care about contents; nuking /Users/allendolph/dev/github/allen-dolph/iotapp-local-temperature/node_modules/mraa
60 silly gunzTarPerm modes [ '755', '644' ]
61 silly gunzTarPerm extractEntry
62 silly gunzTarPerm extractEntry .clang-format
63 silly gunzTarPerm extractEntry src/
64 silly gunzTarPerm extractEntry src/version.c
65 silly gunzTarPerm extractEntry src/uart/
66 silly gunzTarPerm extractEntry src/uart/uart.c
67 silly gunzTarPerm extractEntry src/doxy2swig.py
68 silly gunzTarPerm extractEntry src/gpio/
69 silly gunzTarPerm extractEntry src/gpio/gpio.c
70 silly gunzTarPerm extractEntry src/mraa.i
71 silly gunzTarPerm extractEntry src/aio/
72 silly gunzTarPerm extractEntry src/aio/aio.c
73 silly gunzTarPerm extractEntry src/arm/
74 silly gunzTarPerm extractEntry src/arm/beaglebone.c
75 silly gunzTarPerm extractEntry src/arm/raspberry_pi.c
76 silly gunzTarPerm extractEntry src/arm/CMakeLists.txt
77 silly gunzTarPerm extractEntry src/arm/arm.c
78 silly gunzTarPerm extractEntry src/arm/banana.c
79 silly gunzTarPerm extractEntry src/i2c/
80 silly gunzTarPerm extractEntry src/i2c/LICENSE
81 silly gunzTarPerm extractEntry src/i2c/i2c.c
82 silly gunzTarPerm extractEntry src/python/
83 silly gunzTarPerm extractEntry src/python/mraa.i
84 silly gunzTarPerm extractEntry src/python/docs/
85 silly gunzTarPerm extractEntry src/python/docs/example.rst
86 silly gunzTarPerm extractEntry src/python/docs/mraa.rst
87 silly gunzTarPerm extractEntry src/python/docs/conf.py.in
88 silly gunzTarPerm extractEntry src/python/docs/index.rst
89 silly gunzTarPerm extractEntry src/python/docs/CMakeLists.txt
90 silly gunzTarPerm extractEntry src/python/CMakeLists.txt
91 silly gunzTarPerm extractEntry src/x86/
92 silly gunzTarPerm extractEntry src/x86/intel_minnow_max.c
93 silly gunzTarPerm extractEntry src/x86/intel_galileo_rev_g.c
94 silly gunzTarPerm extractEntry src/x86/intel_galileo_rev_d.c
95 silly gunzTarPerm extractEntry src/x86/intel_de3815.c
96 silly gunzTarPerm extractEntry src/x86/CMakeLists.txt
97 silly gunzTarPerm extractEntry src/x86/intel_edison_fab_c.c
98 silly gunzTarPerm extractEntry src/x86/x86.c
99 silly gunzTarPerm extractEntry src/javascript/
100 silly gunzTarPerm extractEntry src/javascript/mraajs.i
101 silly gunzTarPerm extractEntry src/javascript/doxygen2jsdoc_custom.json
102 silly gunzTarPerm extractEntry src/javascript/CMakeLists.txt
103 silly gunzTarPerm extractEntry src/javascript/binding.gyp.cmake
104 silly gunzTarPerm extractEntry src/javascript/package.json.cmake
105 silly gunzTarPerm extractEntry src/java/
106 silly gunzTarPerm extractEntry src/java/CMakeLists.txt
107 silly gunzTarPerm extractEntry src/java/mraajava.i
108 silly gunzTarPerm extractEntry src/spi/
109 silly gunzTarPerm extractEntry src/spi/spi.c
110 silly gunzTarPerm extractEntry src/pwm/
111 silly gunzTarPerm extractEntry src/pwm/pwm.c
112 silly gunzTarPerm extractEntry src/CMakeLists.txt
113 silly gunzTarPerm extractEntry src/mraajsJAVASCRIPT_wrap.cxx
114 silly gunzTarPerm extractEntry src/mraa.c
115 silly gunzTarPerm extractEntry src/mraa.pc.cmake
116 silly gunzTarPerm extractEntry examples/
117 silly gunzTarPerm extractEntry examples/hellomraa.c
118 silly gunzTarPerm extractEntry examples/analogin_a0.c
119 silly gunzTarPerm extractEntry examples/blink-io.c
120 silly gunzTarPerm extractEntry examples/mmap-io2.c
121 silly gunzTarPerm extractEntry examples/uart_setup.c
122 silly gunzTarPerm extractEntry examples/python/
123 silly gunzTarPerm extractEntry examples/python/blink-io8.py
124 silly gunzTarPerm extractEntry examples/python/rgblcd.py
125 silly gunzTarPerm extractEntry examples/python/hello_isr.py
126 silly gunzTarPerm extractEntry examples/python/cycle-pwm3.py
127 silly gunzTarPerm extractEntry examples/python/spi.py
128 silly gunzTarPerm extractEntry examples/python/uart.py
129 silly gunzTarPerm extractEntry examples/python/aio.py
130 silly gunzTarPerm extractEntry examples/python/bmp85.py
131 silly gunzTarPerm extractEntry examples/python/hello_gpio.py
132 silly gunzTarPerm extractEntry examples/javascript/
133 silly gunzTarPerm extractEntry examples/javascript/spi.js
134 silly gunzTarPerm extractEntry examples/javascript/bmp85.js
135 silly gunzTarPerm extractEntry examples/javascript/rgblcd.js
136 silly gunzTarPerm extractEntry examples/javascript/GPIO_DigitalWrite.js
137 silly gunzTarPerm extractEntry examples/javascript/isr.js
138 silly gunzTarPerm extractEntry examples/javascript/Blink-IO.js
139 silly gunzTarPerm extractEntry examples/javascript/GPIO_DigitalRead.js
140 silly gunzTarPerm extractEntry examples/javascript/AioA0.js
141 silly gunzTarPerm extractEntry examples/javascript/uart.js
142 silly gunzTarPerm extractEntry examples/mraa-gpio.c
143 silly gunzTarPerm extractEntry examples/java/
144 silly gunzTarPerm extractEntry examples/java/Isr.java
145 silly gunzTarPerm extractEntry examples/java/Bmp85.java
146 silly gunzTarPerm extractEntry examples/java/BlinkOnboard.java
147 silly gunzTarPerm extractEntry examples/java/GpioRead6.java
148 silly gunzTarPerm extractEntry examples/java/CyclePwm3.java
149 silly gunzTarPerm extractEntry examples/java/Example.java
150 silly gunzTarPerm extractEntry examples/cycle-pwm3.c
151 silly gunzTarPerm extractEntry examples/gpio_read6.c
152 silly gunzTarPerm extractEntry examples/i2c_HMC5883L.c
153 silly gunzTarPerm extractEntry examples/c++/
154 silly gunzTarPerm extractEntry examples/c++/Pwm3-cycle.cpp
155 silly gunzTarPerm extractEntry examples/c++/Uart-example.cpp
156 silly gunzTarPerm extractEntry examples/c++/I2c-compass.cpp
157 silly gunzTarPerm extractEntry examples/c++/Spi-pot.cpp
158 silly gunzTarPerm extractEntry examples/c++/AioA0.cpp
159 silly gunzTarPerm extractEntry examples/c++/CMakeLists.txt
160 silly gunzTarPerm extractEntry examples/c++/Blink-IO.cpp
161 silly gunzTarPerm extractEntry examples/CMakeLists.txt
162 silly gunzTarPerm extractEntry examples/blink_onboard.c
163 silly gunzTarPerm extractEntry examples/spi_max7219.c
164 silly gunzTarPerm extractEntry examples/helloedison.c
165 silly gunzTarPerm extractEntry examples/isr_pin6.c
166 silly gunzTarPerm extractEntry examples/spi_mcp4261.c
167 silly gunzTarPerm extractEntry cmake/
168 silly gunzTarPerm extractEntry cmake/Toolchains/
169 silly gunzTarPerm extractEntry cmake/Toolchains/oe-sdk_cross.cmake
170 silly gunzTarPerm extractEntry cmake/modules/
171 silly gunzTarPerm extractEntry cmake/modules/TargetArch.cmake
172 silly gunzTarPerm extractEntry cmake/modules/GetGitRevisionDescription.cmake.in
173 silly gunzTarPerm extractEntry cmake/modules/LICENSE_1_0.txt
174 silly gunzTarPerm extractEntry cmake/modules/version.c.in
175 silly gunzTarPerm extractEntry cmake/modules/CPackDeb.cmake
176 silly gunzTarPerm extractEntry cmake/modules/FindSphinx.cmake
177 silly gunzTarPerm extractEntry cmake/modules/LICENSE.LGPL
178 silly gunzTarPerm extractEntry cmake/modules/Copyright.txt
179 silly gunzTarPerm extractEntry cmake/modules/FindNodejs.cmake
180 silly gunzTarPerm extractEntry cmake/modules/GetGitRevisionDescription.cmake
181 silly gunzTarPerm extractEntry cmake/modules/FindYuidoc.cmake
182 silly gunzTarPerm extractEntry READMEFIRST
183 silly gunzTarPerm extractEntry tests/
184 silly gunzTarPerm extractEntry tests/CMakeLists.txt
185 silly gunzTarPerm extractEntry tests/general_checks.py
186 silly gunzTarPerm extractEntry tests/gpio_checks.py
187 silly gunzTarPerm extractEntry tests/platform_checks.py
188 silly gunzTarPerm extractEntry package.json
189 silly gunzTarPerm extractEntry COPYING
190 silly gunzTarPerm extractEntry binding.gyp
191 silly gunzTarPerm extractEntry doxygen2jsdoc/
192 silly gunzTarPerm extractEntry DoxygenLayout.xml
193 silly gunzTarPerm extractEntry README.md
194 silly gunzTarPerm extractEntry api/
195 silly gunzTarPerm extractEntry api/mraa/
196 silly gunzTarPerm extractEntry api/mraa/types.h
197 silly gunzTarPerm extractEntry api/mraa/aio.hpp
198 silly gunzTarPerm extractEntry api/mraa/spi.hpp
199 silly gunzTarPerm extractEntry api/mraa/gpio.h
200 silly gunzTarPerm extractEntry api/mraa/gpio.hpp
201 silly gunzTarPerm extractEntry api/mraa/aio.h
202 silly gunzTarPerm extractEntry api/mraa/uart.hpp
203 silly gunzTarPerm extractEntry api/mraa/common.hpp
204 silly gunzTarPerm extractEntry api/mraa/i2c.h
205 silly gunzTarPerm extractEntry api/mraa/pwm.h
206 silly gunzTarPerm extractEntry api/mraa/spi.h
207 silly gunzTarPerm extractEntry api/mraa/i2c.hpp
208 silly gunzTarPerm extractEntry api/mraa/common.h
209 silly gunzTarPerm extractEntry api/mraa/uart.h
210 silly gunzTarPerm extractEntry api/mraa/pwm.hpp
211 silly gunzTarPerm extractEntry api/mraa.h
212 silly gunzTarPerm extractEntry api/mraa.hpp
213 silly gunzTarPerm extractEntry docs/
214 silly gunzTarPerm extractEntry docs/edison.md
215 silly gunzTarPerm extractEntry docs/testing.md
216 silly gunzTarPerm extractEntry docs/index.md
217 silly gunzTarPerm extractEntry docs/i2c.txt
218 silly gunzTarPerm extractEntry docs/beaglebone.md
219 silly gunzTarPerm extractEntry docs/raspberry_pi.md
220 silly gunzTarPerm extractEntry docs/galileorevd.md
221 silly gunzTarPerm extractEntry docs/internals.md
222 silly gunzTarPerm extractEntry docs/minnow_max.md
223 silly gunzTarPerm extractEntry docs/platform-hooks.md
224 silly gunzTarPerm extractEntry docs/galileorevh.md
225 silly gunzTarPerm extractEntry docs/contributing.md
226 silly gunzTarPerm extractEntry docs/intel_de3815.md
227 silly gunzTarPerm extractEntry docs/banana_pi.md
228 silly gunzTarPerm extractEntry docs/npm.md
229 silly gunzTarPerm extractEntry docs/debugging.md
230 silly gunzTarPerm extractEntry Doxyfile.in
231 silly gunzTarPerm extractEntry CMakeLists.txt
232 silly gunzTarPerm extractEntry include/
233 silly gunzTarPerm extractEntry include/arm/
234 silly gunzTarPerm extractEntry include/arm/banana.h
235 silly gunzTarPerm extractEntry include/arm/raspberry_pi.h
236 silly gunzTarPerm extractEntry include/arm/beaglebone.h
237 silly gunzTarPerm extractEntry include/linux/
238 silly gunzTarPerm extractEntry include/linux/i2c-dev.h
239 silly gunzTarPerm extractEntry include/linux/types.h
240 silly gunzTarPerm extractEntry include/linux/posix_types.h
241 silly gunzTarPerm extractEntry include/linux/README
242 silly gunzTarPerm extractEntry include/linux/compiler.h
243 silly gunzTarPerm extractEntry include/x86/
244 silly gunzTarPerm extractEntry include/x86/intel_de3815.h
245 silly gunzTarPerm extractEntry include/x86/intel_minnow_max.h
246 silly gunzTarPerm extractEntry include/x86/intel_galileo_rev_g.h
247 silly gunzTarPerm extractEntry include/x86/intel_galileo_rev_d.h
248 silly gunzTarPerm extractEntry include/x86/intel_edison_fab_c.h
249 silly gunzTarPerm extractEntry include/mraa_adv_func.h
250 silly gunzTarPerm extractEntry include/mraa_internal.h
251 silly gunzTarPerm extractEntry include/mraa_internal_types.h
252 silly gunzTarPerm extractEntry include/version.h
253 silly gunzTarPerm extractEntry .gitmodules
254 info preinstall mraa@0.7.3
255 silly install resolved []
256 verbose about to build /Users/allendolph/dev/github/allen-dolph/iotapp-local-temperature/node_modules/mraa
257 info build /Users/allendolph/dev/github/allen-dolph/iotapp-local-temperature/node_modules/mraa
258 verbose linkStuff [ false,
258 verbose linkStuff   false,
258 verbose linkStuff   false,
258 verbose linkStuff   '/Users/allendolph/dev/github/allen-dolph/iotapp-local-temperature/node_modules' ]
259 info linkStuff mraa@0.7.3
260 verbose linkBins mraa@0.7.3
261 verbose linkMans mraa@0.7.3
262 verbose rebuildBundles mraa@0.7.3
263 info install mraa@0.7.3
264 verbose unsafe-perm in lifecycle true
265 info mraa@0.7.3 Failed to exec install script
266 verbose unlock done using /Users/allendolph/.npm/_locks/mraa-8469b046296480e0.lock for /Users/allendolph/dev/github/allen-dolph/iotapp-local-temperature/node_modules/mraa
267 verbose stack Error: mraa@0.7.3 install: `node-gyp rebuild`
267 verbose stack Exit status 1
267 verbose stack     at EventEmitter.<anonymous> (/usr/local/lib/node_modules/npm/lib/utils/lifecycle.js:213:16)
267 verbose stack     at EventEmitter.emit (events.js:110:17)
267 verbose stack     at ChildProcess.<anonymous> (/usr/local/lib/node_modules/npm/lib/utils/spawn.js:14:12)
267 verbose stack     at ChildProcess.emit (events.js:110:17)
267 verbose stack     at maybeClose (child_process.js:1015:16)
267 verbose stack     at Process.ChildProcess._handle.onexit (child_process.js:1087:5)
268 verbose pkgid mraa@0.7.3
269 verbose cwd /Users/allendolph/dev/github/allen-dolph/iotapp-local-temperature
270 error Darwin 14.3.0
271 error argv "node" "/usr/local/bin/npm" "install" "mraa" "--save"
272 error node v0.12.2
273 error npm  v2.7.4
274 error code ELIFECYCLE
275 error mraa@0.7.3 install: `node-gyp rebuild`
275 error Exit status 1
276 error Failed at the mraa@0.7.3 install script 'node-gyp rebuild'.
276 error This is most likely a problem with the mraa package,
276 error not with npm itself.
276 error Tell the author that this fails on your system:
276 error     node-gyp rebuild
276 error You can get their info via:
276 error     npm owner ls mraa
276 error There is likely additional logging output above.
277 verbose exit [ 1, true ]
278 verbose unbuild node_modules/mraa
279 info preuninstall mraa@0.7.3
280 info uninstall mraa@0.7.3
281 verbose unbuild rmStuff mraa@0.7.3 from /Users/allendolph/dev/github/allen-dolph/iotapp-local-temperature/node_modules
282 info postuninstall mraa@0.7.3
283 silly gentlyRm /Users/allendolph/dev/github/allen-dolph/iotapp-local-temperature/node_modules/mraa is being purged from base /Users/allendolph/dev/github/allen-dolph/iotapp-local-temperature
284 verbose gentlyRm don't care about contents; nuking /Users/allendolph/dev/github/allen-dolph/iotapp-local-temperature/node_modules/mraa
285 silly vacuum-fs purging /Users/allendolph/dev/github/allen-dolph/iotapp-local-temperature/node_modules/mraa
286 silly vacuum-fs quitting because other entries in /Users/allendolph/dev/github/allen-dolph/iotapp-local-temperature/node_modules
